<?xml version="1.0" encoding="UTF-8"?>
<!-- Generated by org.testng.reporters.JUnitXMLReporter -->
<testsuite ignored="2" hostname="LAPTOP-EFIT53MP" failures="0" tests="2" name="Test" time="0.074" errors="0" timestamp="2022-10-20T15:18:51 IST">
  <testcase classname="com.timeTracking.actime.Automation.module.ClassA" name="demo1" time="0.01"/>
  <testcase classname="com.timeTracking.actime.Automation.module.ClassB" name="demo2" time="0.002"/>
  <testcase classname="com.timeTracking.actime.Automation.genriccUtility.BaseClass" name="@AfterSuite abConfig" time="0.0">
    <ignored/>
  </testcase> <!-- @AfterSuite abConfig -->
  <testcase classname="com.timeTracking.actime.Automation.genriccUtility.BaseClass" name="@BeforeSuite bsConfig" time="0.0">
    <ignored/>
  </testcase> <!-- @BeforeSuite bsConfig -->
</testsuite> <!-- Test -->
